<?xml version="1.0" encoding="UTF-8"?>
<!-- Generated by org.testng.reporters.JUnitReportReporter -->
<testsuite skipped="0" hostname="LAPTOP-4IBB4H2C" name="more.tests.DataProviderTest" tests="4" failures="0" timestamp="17 Feb 2021 06:08:32 GMT" time="0.010" errors="0">
  <testcase name="testMethodTwo" time="0.001" classname="more.tests.DataProviderTest"/>
  <testcase name="testMethodOne" time="0.001" classname="more.tests.DataProviderTest"/>
  <testcase name="testMethodTwo" time="0.001" classname="more.tests.DataProviderTest"/>
  <testcase name="testMethodOne" time="0.007" classname="more.tests.DataProviderTest"/>
</testsuite> <!-- more.tests.DataProviderTest -->
