<?xml version="1.0" encoding="UTF-8"?>
<!-- Generated by org.testng.reporters.JUnitReportReporter -->
<testsuite skipped="0" hostname="LAPTOP-4IBB4H2C" name="javatestNGProject.SeleniumGitCI" tests="1" failures="0" timestamp="01 Apr 2021 01:15:42 GMT" time="2.872" errors="0">
  <testcase name="userLogin" time="2.872" classname="javatestNGProject.SeleniumGitCI"/>
</testsuite> <!-- javatestNGProject.SeleniumGitCI -->
