<?xml version="1.0" encoding="UTF-8"?>
<!-- Generated by org.testng.reporters.JUnitReportReporter -->
<testsuite skipped="0" hostname="LAPTOP-4IBB4H2C" name="more.tests.SimpleTest" tests="2" failures="0" timestamp="17 Feb 2021 06:04:41 GMT" time="0.009" errors="0">
  <testcase name="simpleTest" time="0.001" classname="more.tests.SimpleTest"/>
  <testcase name="simpleTest" time="0.008" classname="more.tests.SimpleTest"/>
</testsuite> <!-- more.tests.SimpleTest -->
