<?xml version="1.0" encoding="UTF-8"?>
<!-- Generated by org.testng.reporters.JUnitReportReporter -->
<testsuite skipped="0" hostname="LAPTOP-4IBB4H2C" name="javatestNGProject.TestNgMavenSecondClass" tests="1" failures="0" timestamp="17 Feb 2021 05:31:05 GMT" time="0.016" errors="0">
  <testcase name="oneMoreTest" time="0.016" classname="javatestNGProject.TestNgMavenSecondClass"/>
</testsuite> <!-- javatestNGProject.TestNgMavenSecondClass -->
