<?xml version="1.0" encoding="UTF-8"?>
<!-- Generated by org.testng.reporters.JUnitReportReporter -->
<testsuite skipped="0" hostname="LAPTOP-4IBB4H2C" name="more.tests.TestNgMavenSecondClass" tests="8" failures="0" timestamp="17 Feb 2021 05:31:05 GMT" time="5.012" errors="0">
  <testcase name="newPackageTestSix" time="0.000" classname="more.tests.TestNgMavenSecondClass"/>
  <testcase name="newPackageTest" time="0.001" classname="more.tests.TestNgMavenSecondClass"/>
  <testcase name="newPackageTestTwo" time="0.000" classname="more.tests.TestNgMavenSecondClass"/>
  <testcase name="newPackageTestNine" time="0.000" classname="more.tests.TestNgMavenSecondClass"/>
  <testcase name="newPackageTestFive" time="0.000" classname="more.tests.TestNgMavenSecondClass"/>
  <testcase name="newPackageTestEight" time="0.000" classname="more.tests.TestNgMavenSecondClass"/>
  <testcase name="newPackageTestThree" time="0.001" classname="more.tests.TestNgMavenSecondClass"/>
  <testcase name="newPackageTestSeven" time="5.010" classname="more.tests.TestNgMavenSecondClass"/>
</testsuite> <!-- more.tests.TestNgMavenSecondClass -->
