<?xml version="1.0" encoding="UTF-8"?>
<!-- Generated by org.testng.reporters.JUnitReportReporter -->
<testsuite hostname="LAPTOP-4IBB4H2C" failures="0" tests="5" name="javatestNGProject.TestNgMavenExampleTest" time="0.003" errors="0" timestamp="28 Mar 2021 22:27:41 GMT" skipped="0">
  <testcase classname="javatestNGProject.TestNgMavenExampleTest" name="prameterTestOne" time="0.003"/>
  <testcase classname="javatestNGProject.TestNgMavenExampleTest" name="prameterTestOne" time="0.000"/>
  <testcase classname="javatestNGProject.TestNgMavenExampleTest" name="oneMoreTest" time="0.000"/>
  <testcase classname="javatestNGProject.TestNgMavenExampleTest" name="prameterTestOne" time="0.000"/>
  <testcase classname="javatestNGProject.TestNgMavenExampleTest" name="prameterTestOne" time="0.000"/>
</testsuite> <!-- javatestNGProject.TestNgMavenExampleTest -->
